<?xml version="1.0" encoding="UTF-8"?>
<testsuite xmlns:xsi="http://www.w3.org/2001/XMLSchema-instance" xsi:noNamespaceSchemaLocation="https://maven.apache.org/surefire/maven-surefire-plugin/xsd/surefire-test-report.xsd" name="com.whw.MyBatisPlusTest" time="0.21" tests="6" errors="0" skipped="0" failures="0">
  <properties>
[...]
</properties>
  <testcase name="testUpdateFieldFill" classname="com.whw.MyBatisPlusTest" time="0.032"/>
  <testcase name="testEnum" classname="com.whw.MyBatisPlusTest" time="0.017"/>
  <testcase name="testPage" classname="com.whw.MyBatisPlusTest" time="0.069"/>
  <testcase name="testInsertFieldFill" classname="com.whw.MyBatisPlusTest" time="0.014"/>
  <testcase name="testProduct01" classname="com.whw.MyBatisPlusTest" time="0.036"/>
  <testcase name="testSelect" classname="com.whw.MyBatisPlusTest" time="0.031"/>
</testsuite>